********************************************************************************
DUPLICATOR-LITE PACKAGE-LOG: June 27, 2018 1:49 pm
NOTICE: Do NOT post to public sites or forums 
********************************************************************************
VERSION:	1.2.40
WORDPRESS:	4.9.6
PHP INFO:	7.2.1 | SAPI: apache2handler
SERVER:		Apache/2.2.31 (Win32) DAV/2 mod_ssl/2.2.31 OpenSSL/1.0.2h mod_fcgid/2.3.9 mod_wsgi/3.4 Python/2.7.6 PHP/7.2.1 mod_perl/2.0.8 Perl/v5.16.3 
PHP TIME LIMIT: (0) no time limit imposed 
PHP MAX MEMORY: 2048M (128M default) 
MEMORY STACK: 2MB 

********************************************************************************
DATABASE:
********************************************************************************
BUILD MODE:   PHP(query limit - 100)
MYSQLTIMEOUT: 5000
MYSQLDUMP:    Not Supported 
TABLES: total:31 | filtered:0 | create:31 
FILTERED: [] 
SQL CREATED: 20180627_arsenal_80a6dfdc0275e2112216180627134911_database.sql 
SQL FILE SIZE: 2.71MB (2837682) 
SQL FILE TIME: 2018-06-27 13:49:34 
SQL RUNTIME: 0.51 sec. 

******************************************************************************** 
ARCHIVE (ZIP): 
******************************************************************************** 
ARCHIVE DIR:  C:/MAMP/htdocs/Arsenal 
ARCHIVE FILE: 20180627_arsenal_80a6dfdc0275e2112216180627134911_archive.zip 
FILTERS: *OFF* 
DIRS:
	not set 
FILES:
	not set 
EXTS:  not set 
---------------------------------------- 
COMPRESSING 
SIZE:	110.1MB 
STATS:	Dirs 836 | Files 7,439 
SQL ADDED: 20180627_arsenal_80a6dfdc0275e2112216180627134911_database.sql 
ZipArchive Object
(
    [status] => 0
    [statusSys] => 0
    [numFiles] => 8275
    [filename] => C:\MAMP\htdocs\Arsenal\wp-snapshots\tmp\20180627_arsenal_80a6dfdc0275e2112216180627134911_archive.zip
    [comment] => 
)
 
COMPRESSION RESULT: '1' 
COMPRESSED SIZE: 65.83MB 
ARCHIVE RUNTIME: 43.32 sec. 
MEMORY STACK: 2MB 

******************************************************************************** 
MAKE INSTALLER: 
******************************************************************************** 
Build Start 
Build Finished 
Preping for use 
PACK SIZE:  
Template parsed with new data 
Complete [C:/MAMP/htdocs/Arsenal/wp-snapshots/tmp/20180627_arsenal_80a6dfdc0275e2112216180627134911_installer.php] 
Added to archive 

******************************************************************************** 
INTEGRITY CHECKS: 
******************************************************************************** 
SQL File: 2.71MB 
Installer File: 445.86KB 
Archive File: 65.83MB  

********************************************************************************
RECORD ID:[1]
TOTAL PROCESS RUNTIME: 45.10 sec.
PEAK PHP MEMORY USED: 2MB
DONE PROCESSING => 20180627_arsenal June 27, 2018 1:50 pm
 
